Determining if the pthread_create exist failed with the following output:
Change Dir: /home/harun/catkin_ws/src/mybot_ws/build/CMakeFiles/CMakeTmp

Run Build Command:"/usr/bin/make" "cmTC_4781e/fast"
/usr/bin/make -f CMakeFiles/cmTC_4781e.dir/build.make CMakeFiles/cmTC_4781e.dir/build
make[1]: Verzeichnis „/home/harun/catkin_ws/src/mybot_ws/build/CMakeFiles/CMakeTmp“ wird betreten
Building C object CMakeFiles/cmTC_4781e.dir/CheckSymbolExists.c.o
/usr/bin/cc     -o CMakeFiles/cmTC_4781e.dir/CheckSymbolExists.c.o   -c /home/harun/catkin_ws/src/mybot_ws/build/CMakeFiles/CMakeTmp/CheckSymbolExists.c
Linking C executable cmTC_4781e
/usr/bin/cmake -E cmake_link_script CMakeFiles/cmTC_4781e.dir/link.txt --verbose=1
/usr/bin/cc       CMakeFiles/cmTC_4781e.dir/CheckSymbolExists.c.o  -o cmTC_4781e -rdynamic 
CMakeFiles/cmTC_4781e.dir/CheckSymbolExists.c.o: In Funktion `main':
CheckSymbolExists.c:(.text+0x16): Nicht definierter Verweis auf `pthread_create'
collect2: error: ld returned 1 exit status
CMakeFiles/cmTC_4781e.dir/build.make:97: die Regel für Ziel „cmTC_4781e“ scheiterte
make[1]: *** [cmTC_4781e] Fehler 1
make[1]: Verzeichnis „/home/harun/catkin_ws/src/mybot_ws/build/CMakeFiles/CMakeTmp“ wird verlassen
Makefile:126: die Regel für Ziel „cmTC_4781e/fast“ scheiterte
make: *** [cmTC_4781e/fast] Fehler 2

File /home/harun/catkin_ws/src/mybot_ws/build/CMakeFiles/CMakeTmp/CheckSymbolExists.c:
/* */
#include <pthread.h>

int main(int argc, char** argv)
{
  (void)argv;
#ifndef pthread_create
  return ((int*)(&pthread_create))[argc];
#else
  (void)argc;
  return 0;
#endif
}

Determining if the function pthread_create exists in the pthreads failed with the following output:
Change Dir: /home/harun/catkin_ws/src/mybot_ws/build/CMakeFiles/CMakeTmp

Run Build Command:"/usr/bin/make" "cmTC_bfa98/fast"
/usr/bin/make -f CMakeFiles/cmTC_bfa98.dir/build.make CMakeFiles/cmTC_bfa98.dir/build
make[1]: Verzeichnis „/home/harun/catkin_ws/src/mybot_ws/build/CMakeFiles/CMakeTmp“ wird betreten
Building C object CMakeFiles/cmTC_bfa98.dir/CheckFunctionExists.c.o
/usr/bin/cc    -DCHECK_FUNCTION_EXISTS=pthread_create   -o CMakeFiles/cmTC_bfa98.dir/CheckFunctionExists.c.o   -c /usr/share/cmake-3.5/Modules/CheckFunctionExists.c
Linking C executable cmTC_bfa98
/usr/bin/cmake -E cmake_link_script CMakeFiles/cmTC_bfa98.dir/link.txt --verbose=1
/usr/bin/cc   -DCHECK_FUNCTION_EXISTS=pthread_create    CMakeFiles/cmTC_bfa98.dir/CheckFunctionExists.c.o  -o cmTC_bfa98 -rdynamic -lpthreads 
/usr/bin/ld: cannot find -lpthreads
collect2: error: ld returned 1 exit status
CMakeFiles/cmTC_bfa98.dir/build.make:97: die Regel für Ziel „cmTC_bfa98“ scheiterte
make[1]: *** [cmTC_bfa98] Fehler 1
make[1]: Verzeichnis „/home/harun/catkin_ws/src/mybot_ws/build/CMakeFiles/CMakeTmp“ wird verlassen
Makefile:126: die Regel für Ziel „cmTC_bfa98/fast“ scheiterte
make: *** [cmTC_bfa98/fast] Fehler 2


